<?xml version="1.0" encoding="UTF-8"?>
<!-- Generated by org.testng.reporters.JUnitReportReporter -->
<testsuite hostname="Advik" failures="0" tests="10" name="com.todo.qa.testcases.HomePageTest" time="140.518" errors="0" timestamp="2025-02-17T19:00:03 SGT" skipped="0">
  <testcase classname="com.todo.qa.testcases.HomePageTest" name="todoboxDisplayedTest" time="8.189"/>
  <system-out/>
  <testcase classname="com.todo.qa.testcases.HomePageTest" name="HomePageTitleTest" time="10.046"/>
  <system-out/>
  <testcase classname="com.todo.qa.testcases.HomePageTest" name="markTaskAsCompletedTest" time="15.392"/>
  <system-out/>
  <testcase classname="com.todo.qa.testcases.HomePageTest" name="verifyCompletedTabTest" time="13.711"/>
  <system-out/>
  <testcase classname="com.todo.qa.testcases.HomePageTest" name="editToDoListTest" time="12.620"/>
  <system-out/>
  <testcase classname="com.todo.qa.testcases.HomePageTest" name="verifyActiveTabTest" time="22.905"/>
  <system-out/>
  <testcase classname="com.todo.qa.testcases.HomePageTest" name="deleteToDotaskTest" time="20.017"/>
  <system-out/>
  <testcase classname="com.todo.qa.testcases.HomePageTest" name="verifyTaskMarkedAsCompletedTest" time="14.557"/>
  <system-out/>
  <testcase classname="com.todo.qa.testcases.HomePageTest" name="createToDoListTest" time="13.212"/>
  <system-out/>
  <testcase classname="com.todo.qa.testcases.HomePageTest" name="verifyToDoListTest" time="9.869"/>
  <system-out/>
</testsuite> <!-- com.todo.qa.testcases.HomePageTest -->
